00:00:02.062405 VirtualBox VM 7.2.2 r170484 win.amd64 (Sep 10 2025 19:56:01) release log
00:00:02.062407 Log opened 2025-10-08T16:01:38.563495300Z
00:00:02.062407 Build Type: release
00:00:02.062409 OS Product: Windows 11
00:00:02.062554 OS Release: 10.0.26100.4946
00:00:02.062555 OS Service Pack: 
00:00:02.169407 DMI Product Name: ASUS Vivobook S 14 M5406WA_M5406WA
00:00:02.175926 DMI Product Version: 1.0
00:00:02.175939 Firmware type: UEFI
00:00:02.176400 Secure Boot: Disabled
00:00:02.176410 Host RAM: 23673MB (23.1GB) total, 10026MB (9.7GB) available
00:00:02.176412 Executable: C:\Program Files\Oracle\VirtualBox\VirtualBoxVM.exe
00:00:02.176412 Process ID: 26252
00:00:02.176413 Package type: WINDOWS_64BITS_GENERIC
00:00:02.176413 Windows Features:
00:00:02.176413   Core Isolation (Memory Integrity): ENABLED
00:00:02.177124 Installed Extension Packs:
00:00:02.177140   None installed!
00:00:02.177975 Console: Machine state changed to 'Starting'
00:00:02.178290 GUI: Qt version: 6.8.0
00:00:02.178301 GUI: HID LEDs sync is enabled
00:00:02.182408 GUI: UIMediumEnumerator: Medium-enumeration finished!
00:00:02.209555 GUI: Cannot notify guest about VM window out-of-focus event
00:00:02.252400 SUP: seg #0: R   0x00000000 LB 0x00001000
00:00:02.252439 SUP: seg #1: R X 0x00001000 LB 0x001fd000
00:00:02.252441 SUP: seg #2: R   0x001fe000 LB 0x00054000
00:00:02.252443 SUP: seg #3: RW  0x00252000 LB 0x00013000
00:00:02.252445 SUP: seg #4: R   0x00265000 LB 0x00014000
00:00:02.252447 SUP: seg #5: RW  0x00279000 LB 0x00004000
00:00:02.252449 SUP: seg #6: R   0x0027d000 LB 0x00008000
00:00:02.252451 SUP: seg #7: R X 0x00285000 LB 0x00002000
00:00:02.252453 SUP: seg #8: R   0x00287000 LB 0x00007000
00:00:02.255364 SUP: Loaded VMMR0.r0 (C:\Program Files\Oracle\VirtualBox/VMMR0.r0) at 0xXXXXXXXXXXXXXXXX - ModuleInit at XXXXXXXXXXXXXXXX and ModuleTerm at XXXXXXXXXXXXXXXX using the native ring-0 loader
00:00:02.255389 SUP: VMMR0EntryEx located at XXXXXXXXXXXXXXXX and VMMR0EntryFast at XXXXXXXXXXXXXXXX
00:00:02.255391 SUP: windbg> .reload /f C:\Program Files\Oracle\VirtualBox/VMMR0.r0=0xXXXXXXXXXXXXXXXX
00:00:02.257232 Guest architecture: x86
00:00:02.257255 Guest OS type: 'Other_64'
00:00:02.257481 fHMForced=true - No raw-mode support in this build!
00:00:02.257487 Using execution engine 1
00:00:02.259172 File system of 'C:\Users\firec\Desktop\Workspace\OxizeOS\VBox\OxizeOS\OxizeOS\OxizeOS.vhd' is ntfs
00:00:02.259683 File system of 'C:\Users\firec\Desktop\Workspace\OxizeOS\VBox\OxizeOS\OxizeOS\OxizeOS_1.vhd' is ntfs
00:00:02.269360 Shared Clipboard: Initialized OLE
00:00:02.269403 Shared Clipboard: Service loaded
00:00:02.269408 Shared Clipboard: Mode: Off
00:00:02.269471 Shared Clipboard: Service running in normal mode
00:00:02.275997 Drag and drop service loaded
00:00:02.276003 Drag and drop mode: Off
00:00:02.276408 Audio: Detected default audio driver type is 'HostAudioWas'
00:00:02.277930 ERROR [COM]: aRC=VBOX_E_IPRT_ERROR (0x80bb0005) aIID={6ac83d89-6ee7-4e33-8ae6-b257b2e81be8} aComponent={ConsoleWrap} aText={The VBoxGuestPropSvc service call failed with the error VERR_HGCM_SERVICE_NOT_FOUND}, preserve=false aResultDetail=-2900
00:00:02.278186 ************************* CFGM dump *************************
00:00:02.278191 [/] (level 0)
00:00:02.278194   CpuExecutionCap   <integer> = 0x0000000000000064 (100)
00:00:02.278195   EnablePAE         <integer> = 0x0000000000000001 (1)
00:00:02.278196   HMEnabled         <integer> = 0x0000000000000001 (1)
00:00:02.278196   MemBalloonSize    <integer> = 0x0000000000000000 (0, 0 B)
00:00:02.278198   Name              <string>  = "OxizeOS" (cb=8)
00:00:02.278199   NumCPUs           <integer> = 0x0000000000000001 (1)
00:00:02.278199   PageFusionAllowed <integer> = 0x0000000000000000 (0)
00:00:02.278200   RamHoleSize       <integer> = 0x0000000020000000 (536 870 912, 512.0 MiB)
00:00:02.278200   RamSize           <integer> = 0x0000000020000000 (536 870 912, 512.0 MiB)
00:00:02.278201   TimerMillies      <integer> = 0x000000000000000a (10)
00:00:02.278201   UUID              <bytes>   = "d8 e2 80 ba 29 0f 0e 42 aa 31 79 ce 93 70 7c b8" (cb=16)
00:00:02.278202 
00:00:02.278202 [/CPUM/] (level 1)
00:00:02.278203   Enable64bit        <integer> = 0x0000000000000001 (1)
00:00:02.278204   GuestCpuName       <string>  = "host" (cb=5)
00:00:02.278204   NestedHWVirt       <integer> = 0x0000000000000000 (0)
00:00:02.278204   PortableCpuIdLevel <integer> = 0x0000000000000000 (0)
00:00:02.278205   SpecCtrl           <integer> = 0x0000000000000000 (0)
00:00:02.278205 
00:00:02.278205 [/CPUM/IsaExts/] (level 2)
00:00:02.278206 
00:00:02.278206 [/DBGC/] (level 1)
00:00:02.278206   GlobalInitScript <string>  = "C:\Users\firec\.VirtualBox/dbgc-init" (cb=37)
00:00:02.278206   HistoryFile      <string>  = "C:\Users\firec\.VirtualBox/dbgc-history" (cb=40)
00:00:02.278207   LocalInitScript  <string>  = "C:\Users\firec\Desktop\Workspace\OxizeOS\VBox\OxizeOS\OxizeOS/dbgc-init" (cb=72)
00:00:02.278207 
00:00:02.278207 [/DBGF/] (level 1)
00:00:02.278207   Path <string>  = "C:\Users\firec\Desktop\Workspace\OxizeOS\VBox\OxizeOS\OxizeOS/debug/;C:\Users\firec\Desktop\Workspace\OxizeOS\VBox\OxizeOS\OxizeOS/;cache*C:\Users\firec\Desktop\Workspace\OxizeOS\VBox\OxizeOS\OxizeOS/dbgcache/;C:\Users\firec\" (cb=226)
00:00:02.278208 
00:00:02.278208 [/Devices/] (level 1)
00:00:02.278208 
00:00:02.278208 [/Devices/3c501/] (level 2)
00:00:02.278209 
00:00:02.278209 [/Devices/8237A/] (level 2)
00:00:02.278209 
00:00:02.278209 [/Devices/8237A/0/] (level 3)
00:00:02.278210   Trusted <integer> = 0x0000000000000001 (1)
00:00:02.278210 
00:00:02.278210 [/Devices/VMMDev/] (level 2)
00:00:02.278210 
00:00:02.278210 [/Devices/VMMDev/0/] (level 3)
00:00:02.278211   PCIBusNo      <integer> = 0x0000000000000000 (0)
00:00:02.278211   PCIDeviceNo   <integer> = 0x0000000000000004 (4)
00:00:02.278211   PCIFunctionNo <integer> = 0x0000000000000000 (0)
00:00:02.278211   Trusted       <integer> = 0x0000000000000001 (1)
00:00:02.278211 
00:00:02.278212 [/Devices/VMMDev/0/Config/] (level 4)
00:00:02.278212   GuestCoreDumpDir <string>  = "C:\Users\firec\Desktop\Workspace\OxizeOS\VBox\OxizeOS\OxizeOS\Snapshots" (cb=72)
00:00:02.278212 
00:00:02.278212 [/Devices/VMMDev/0/LUN#0/] (level 4)
00:00:02.278213   Driver <string>  = "HGCM" (cb=5)
00:00:02.278213 
00:00:02.278213 [/Devices/VMMDev/0/LUN#0/Config/] (level 5)
00:00:02.278214 
00:00:02.278214 [/Devices/VMMDev/0/LUN#999/] (level 4)
00:00:02.278214   Driver <string>  = "MainStatus" (cb=11)
00:00:02.278215 
00:00:02.278215 [/Devices/VMMDev/0/LUN#999/Config/] (level 5)
00:00:02.278215   First                <integer> = 0x0000000000000000 (0)
00:00:02.278216   HasMediumAttachments <integer> = 0x0000000000000000 (0)
00:00:02.278216   Last                 <integer> = 0x0000000000000000 (0)
00:00:02.278216   iLedSet              <integer> = 0x0000000000000006 (6)
00:00:02.278216 
00:00:02.278217 [/Devices/acpi/] (level 2)
00:00:02.278217 
00:00:02.278217 [/Devices/acpi/0/] (level 3)
00:00:02.278218   PCIBusNo      <integer> = 0x0000000000000000 (0)
00:00:02.278218   PCIDeviceNo   <integer> = 0x0000000000000007 (7)
00:00:02.278218   PCIFunctionNo <integer> = 0x0000000000000000 (0)
00:00:02.278218   Trusted       <integer> = 0x0000000000000001 (1)
00:00:02.278218 
00:00:02.278218 [/Devices/acpi/0/Config/] (level 4)
00:00:02.278219   CpuHotPlug          <integer> = 0x0000000000000000 (0)
00:00:02.278219   FdcEnabled          <integer> = 0x0000000000000000 (0)
00:00:02.278219   HostBusPciAddress   <integer> = 0x0000000000000000 (0)
00:00:02.278219   HpetEnabled         <integer> = 0x0000000000000000 (0)
00:00:02.278220   IOAPIC              <integer> = 0x0000000000000001 (1)
00:00:02.278220   IocPciAddress       <integer> = 0x0000000000010000 (65 536)
00:00:02.278221   NumCPUs             <integer> = 0x0000000000000001 (1)
00:00:02.278221   Parallel0IoPortBase <integer> = 0x0000000000000000 (0)
00:00:02.278221   Parallel0Irq        <integer> = 0x0000000000000000 (0)
00:00:02.278221   Parallel1IoPortBase <integer> = 0x0000000000000000 (0)
00:00:02.278221   Parallel1Irq        <integer> = 0x0000000000000000 (0)
00:00:02.278222   Serial0IoPortBase   <integer> = 0x00000000000000e9 (233)
00:00:02.278222   Serial0Irq          <integer> = 0x0000000000000004 (4)
00:00:02.278222   Serial1IoPortBase   <integer> = 0x0000000000000000 (0)
00:00:02.278222   Serial1Irq          <integer> = 0x0000000000000000 (0)
00:00:02.278222   ShowCpu             <integer> = 0x0000000000000001 (1)
00:00:02.278223   ShowRtc             <integer> = 0x0000000000000000 (0)
00:00:02.278223   SmcEnabled          <integer> = 0x0000000000000000 (0)
00:00:02.278223 
00:00:02.278223 [/Devices/acpi/0/LUN#0/] (level 4)
00:00:02.278224   Driver <string>  = "ACPIHost" (cb=9)
00:00:02.278224 
00:00:02.278224 [/Devices/acpi/0/LUN#0/Config/] (level 5)
00:00:02.278224 
00:00:02.278224 [/Devices/ahci/] (level 2)
00:00:02.278225 
00:00:02.278225 [/Devices/ahci/0/] (level 3)
00:00:02.278225   PCIBusNo      <integer> = 0x0000000000000000 (0)
00:00:02.278225   PCIDeviceNo   <integer> = 0x000000000000000d (13)
00:00:02.278226   PCIFunctionNo <integer> = 0x0000000000000000 (0)
00:00:02.278226   Trusted       <integer> = 0x0000000000000001 (1)
00:00:02.278226 
00:00:02.278226 [/Devices/ahci/0/Config/] (level 4)
00:00:02.278227   Bootable  <integer> = 0x0000000000000001 (1)
00:00:02.278227   PortCount <integer> = 0x0000000000000001 (1)
00:00:02.278227 
00:00:02.278228 [/Devices/ahci/0/Config/Port0/] (level 5)
00:00:02.278228   Hotpluggable <integer> = 0x0000000000000000 (0)
00:00:02.278228 
00:00:02.278229 [/Devices/ahci/0/LUN#0/] (level 4)
00:00:02.278229   Driver <string>  = "VD" (cb=3)
00:00:02.278229 
00:00:02.278229 [/Devices/ahci/0/LUN#0/Config/] (level 5)
00:00:02.278230   BlockCache <integer> = 0x0000000000000001 (1)
00:00:02.278230   Format     <string>  = "VHD" (cb=4)
00:00:02.278231   Mountable  <integer> = 0x0000000000000000 (0)
00:00:02.278231   Path       <string>  = "C:\Users\firec\Desktop\Workspace\OxizeOS\VBox\OxizeOS\OxizeOS\OxizeOS.vhd" (cb=74)
00:00:02.278231   Type       <string>  = "HardDisk" (cb=9)
00:00:02.278232   UseNewIo   <integer> = 0x0000000000000001 (1)
00:00:02.278232 
00:00:02.278232 [/Devices/ahci/0/LUN#999/] (level 4)
00:00:02.278233   Driver <string>  = "MainStatus" (cb=11)
00:00:02.278233 
00:00:02.278233 [/Devices/ahci/0/LUN#999/Config/] (level 5)
00:00:02.278234   DeviceInstance       <string>  = "ahci/0" (cb=7)
00:00:02.278235   First                <integer> = 0x0000000000000000 (0)
00:00:02.278235   HasMediumAttachments <integer> = 0x0000000000000001 (1)
00:00:02.278235   Last                 <integer> = 0x0000000000000000 (0)
00:00:02.278235   iLedSet              <integer> = 0x0000000000000003 (3)
00:00:02.278236 
00:00:02.278236 [/Devices/apic/] (level 2)
00:00:02.278236 
00:00:02.278236 [/Devices/apic/0/] (level 3)
00:00:02.278237   Trusted <integer> = 0x0000000000000001 (1)
00:00:02.278237 
00:00:02.278237 [/Devices/apic/0/Config/] (level 4)
00:00:02.278238   IOAPIC  <integer> = 0x0000000000000001 (1)
00:00:02.278238   Mode    <integer> = 0x0000000000000002 (2)
00:00:02.278238   NumCPUs <integer> = 0x0000000000000001 (1)
00:00:02.278238 
00:00:02.278238 [/Devices/dp8390/] (level 2)
00:00:02.278239 
00:00:02.278239 [/Devices/e1000/] (level 2)
00:00:02.278239 
00:00:02.278239 [/Devices/efi/] (level 2)
00:00:02.278239 
00:00:02.278240 [/Devices/efi/0/] (level 3)
00:00:02.278240   Trusted <integer> = 0x0000000000000001 (1)
00:00:02.278240 
00:00:02.278240 [/Devices/efi/0/Config/] (level 4)
00:00:02.278243   64BitEntry      <integer> = 0x0000000000000001 (1)
00:00:02.278243   APIC            <integer> = 0x0000000000000001 (1)
00:00:02.278243   BootArgs        <string>  = "" (cb=1)
00:00:02.278244   DeviceProps     <string>  = "" (cb=1)
00:00:02.278244   DmiSystemSerial <string>  = "VirtualBox-<DmiSystemUuid>" (cb=27)
00:00:02.278244   EfiRom          <string>  = "VBoxEFI-amd64.fd" (cb=17)
00:00:02.278244   IOAPIC          <integer> = 0x0000000000000001 (1)
00:00:02.278245   McfgBase        <integer> = 0x0000000000000000 (0)
00:00:02.278245   McfgLength      <integer> = 0x0000000000000000 (0)
00:00:02.278245   NumCPUs         <integer> = 0x0000000000000001 (1)
00:00:02.278245   NvramFile       <string>  = "C:\Users\firec\Desktop\Workspace\OxizeOS\VBox\OxizeOS\OxizeOS\OxizeOS.nvram" (cb=76)
00:00:02.278246   UUID            <bytes>   = "d8 e2 80 ba 29 0f 0e 42 aa 31 79 ce 93 70 7c b8" (cb=16)
00:00:02.278247   UuidLe          <integer> = 0x0000000000000001 (1)
00:00:02.278247 
00:00:02.278247 [/Devices/efi/0/LUN#0/] (level 4)
00:00:02.278248   Driver <string>  = "NvramStore" (cb=11)
00:00:02.278248 
00:00:02.278248 [/Devices/i8254/] (level 2)
00:00:02.278249 
00:00:02.278249 [/Devices/i8254/0/] (level 3)
00:00:02.278249 
00:00:02.278249 [/Devices/i8254/0/Config/] (level 4)
00:00:02.278250 
00:00:02.278250 [/Devices/i8259/] (level 2)
00:00:02.278250 
00:00:02.278250 [/Devices/i8259/0/] (level 3)
00:00:02.278251   Trusted <integer> = 0x0000000000000001 (1)
00:00:02.278251 
00:00:02.278251 [/Devices/i8259/0/Config/] (level 4)
00:00:02.278251 
00:00:02.278251 [/Devices/ichac97/] (level 2)
00:00:02.278252 
00:00:02.278252 [/Devices/ichac97/0/] (level 3)
00:00:02.278252   PCIBusNo      <integer> = 0x0000000000000000 (0)
00:00:02.278252   PCIDeviceNo   <integer> = 0x0000000000000005 (5)
00:00:02.278253   PCIFunctionNo <integer> = 0x0000000000000000 (0)
00:00:02.278253   Trusted       <integer> = 0x0000000000000001 (1)
00:00:02.278253 
00:00:02.278253 [/Devices/ichac97/0/AudioConfig/] (level 4)
00:00:02.278253 
00:00:02.278254 [/Devices/ichac97/0/Config/] (level 4)
00:00:02.278254   Codec        <string>  = "STAC9700" (cb=9)
00:00:02.278254   DebugEnabled <integer> = 0x0000000000000000 (0)
00:00:02.278254 
00:00:02.278254 [/Devices/ichac97/0/LUN#0/] (level 4)
00:00:02.278255   Driver <string>  = "AUDIO" (cb=6)
00:00:02.278255 
00:00:02.278255 [/Devices/ichac97/0/LUN#0/AttachedDriver/] (level 5)
00:00:02.278255   Driver <string>  = "HostAudioWas" (cb=13)
00:00:02.278256 
00:00:02.278256 [/Devices/ichac97/0/LUN#0/AttachedDriver/Config/] (level 6)
00:00:02.278256   VmName <string>  = "OxizeOS" (cb=8)
00:00:02.278256   VmUuid <string>  = "ba80e2d8-0f29-420e-aa31-79ce93707cb8" (cb=37)
00:00:02.278257 
00:00:02.278257 [/Devices/ichac97/0/LUN#0/Config/] (level 5)
00:00:02.278257   DriverName    <string>  = "HostAudioWas" (cb=13)
00:00:02.278257   InputEnabled  <integer> = 0x0000000000000000 (0)
00:00:02.278257   OutputEnabled <integer> = 0x0000000000000001 (1)
00:00:02.278258 
00:00:02.278258 [/Devices/ichac97/0/LUN#1/] (level 4)
00:00:02.278258   Driver <string>  = "AUDIO" (cb=6)
00:00:02.278258 
00:00:02.278258 [/Devices/ichac97/0/LUN#2/] (level 4)
00:00:02.278259   Driver <string>  = "AUDIO" (cb=6)
00:00:02.278259 
00:00:02.278259 [/Devices/ioapic/] (level 2)
00:00:02.278259 
00:00:02.278259 [/Devices/ioapic/0/] (level 3)
00:00:02.278260   Trusted <integer> = 0x0000000000000001 (1)
00:00:02.278260 
00:00:02.278260 [/Devices/ioapic/0/Config/] (level 4)
00:00:02.278260   NumCPUs <integer> = 0x0000000000000001 (1)
00:00:02.278260 
00:00:02.278261 [/Devices/mc146818/] (level 2)
00:00:02.278261 
00:00:02.278261 [/Devices/mc146818/0/] (level 3)
00:00:02.278261 
00:00:02.278261 [/Devices/mc146818/0/Config/] (level 4)
00:00:02.278262   UseUTC <integer> = 0x0000000000000000 (0)
00:00:02.278262 
00:00:02.278262 [/Devices/nvme/] (level 2)
00:00:02.278263 
00:00:02.278263 [/Devices/nvme/0/] (level 3)
00:00:02.278263   PCIBusNo      <integer> = 0x0000000000000000 (0)
00:00:02.278263   PCIDeviceNo   <integer> = 0x000000000000000e (14)
00:00:02.278264   PCIFunctionNo <integer> = 0x0000000000000000 (0)
00:00:02.278264   Trusted       <integer> = 0x0000000000000001 (1)
00:00:02.278264 
00:00:02.278264 [/Devices/nvme/0/Config/] (level 4)
00:00:02.278265   NamespacesMax <integer> = 0x0000000000000001 (1)
00:00:02.278265 
00:00:02.278265 [/Devices/nvme/0/LUN#0/] (level 4)
00:00:02.278265   Driver <string>  = "VD" (cb=3)
00:00:02.278266 
00:00:02.278266 [/Devices/nvme/0/LUN#0/Config/] (level 5)
00:00:02.278266   Format    <string>  = "VHD" (cb=4)
00:00:02.278267   Mountable <integer> = 0x0000000000000000 (0)
00:00:02.278267   Path      <string>  = "C:\Users\firec\Desktop\Workspace\OxizeOS\VBox\OxizeOS\OxizeOS\OxizeOS_1.vhd" (cb=76)
00:00:02.278267   Type      <string>  = "HardDisk" (cb=9)
00:00:02.278267   UseNewIo  <integer> = 0x0000000000000001 (1)
00:00:02.278268 
00:00:02.278268 [/Devices/nvme/0/LUN#999/] (level 4)
00:00:02.278268   Driver <string>  = "MainStatus" (cb=11)
00:00:02.278268 
00:00:02.278268 [/Devices/nvme/0/LUN#999/Config/] (level 5)
00:00:02.278269   DeviceInstance       <string>  = "nvme/0" (cb=7)
00:00:02.278269   First                <integer> = 0x0000000000000000 (0)
00:00:02.278269   HasMediumAttachments <integer> = 0x0000000000000001 (1)
00:00:02.278270   Last                 <integer> = 0x0000000000000000 (0)
00:00:02.278270   iLedSet              <integer> = 0x0000000000000004 (4)
00:00:02.278270 
00:00:02.278270 [/Devices/parallel/] (level 2)
00:00:02.278270 
00:00:02.278271 [/Devices/pcarch/] (level 2)
00:00:02.278271 
00:00:02.278271 [/Devices/pcarch/0/] (level 3)
00:00:02.278271   Trusted <integer> = 0x0000000000000001 (1)
00:00:02.278272 
00:00:02.278272 [/Devices/pcarch/0/Config/] (level 4)
00:00:02.278272 
00:00:02.278272 [/Devices/pci/] (level 2)
00:00:02.278272 
00:00:02.278272 [/Devices/pci/0/] (level 3)
00:00:02.278273   Trusted <integer> = 0x0000000000000001 (1)
00:00:02.278273 
00:00:02.278273 [/Devices/pci/0/Config/] (level 4)
00:00:02.278274   IOAPIC <integer> = 0x0000000000000001 (1)
00:00:02.278274 
00:00:02.278274 [/Devices/pcibridge/] (level 2)
00:00:02.278274 
00:00:02.278274 [/Devices/pckbd/] (level 2)
00:00:02.278275 
00:00:02.278275 [/Devices/pckbd/0/] (level 3)
00:00:02.278275   Trusted <integer> = 0x0000000000000001 (1)
00:00:02.278275 
00:00:02.278276 [/Devices/pckbd/0/Config/] (level 4)
00:00:02.278276 
00:00:02.278276 [/Devices/pckbd/0/LUN#0/] (level 4)
00:00:02.278277   Driver <string>  = "KeyboardQueue" (cb=14)
00:00:02.278277 
00:00:02.278277 [/Devices/pckbd/0/LUN#0/AttachedDriver/] (level 5)
00:00:02.278277   Driver <string>  = "MainKeyboard" (cb=13)
00:00:02.278278 
00:00:02.278278 [/Devices/pckbd/0/LUN#0/Config/] (level 5)
00:00:02.278278   QueueSize <integer> = 0x0000000000000040 (64, 64 B)
00:00:02.278279 
00:00:02.278279 [/Devices/pckbd/0/LUN#1/] (level 4)
00:00:02.278279   Driver <string>  = "MouseQueue" (cb=11)
00:00:02.278279 
00:00:02.278280 [/Devices/pckbd/0/LUN#1/AttachedDriver/] (level 5)
00:00:02.278280   Driver <string>  = "MainMouse" (cb=10)
00:00:02.278280 
00:00:02.278281 [/Devices/pckbd/0/LUN#1/Config/] (level 5)
00:00:02.278281   QueueSize <integer> = 0x0000000000000080 (128, 128 B)
00:00:02.278281 
00:00:02.278281 [/Devices/pcnet/] (level 2)
00:00:02.278282 
00:00:02.278282 [/Devices/pcnet/0/] (level 3)
00:00:02.278282   PCIBusNo      <integer> = 0x0000000000000000 (0)
00:00:02.278283   PCIDeviceNo   <integer> = 0x0000000000000003 (3)
00:00:02.278283   PCIFunctionNo <integer> = 0x0000000000000000 (0)
00:00:02.278283   Trusted       <integer> = 0x0000000000000001 (1)
00:00:02.278283 
00:00:02.278283 [/Devices/pcnet/0/Config/] (level 4)
00:00:02.278284   CableConnected <integer> = 0x0000000000000001 (1)
00:00:02.278284   ChipType       <string>  = "Am79C973" (cb=9)
00:00:02.278284   LineSpeed      <integer> = 0x0000000000000000 (0)
00:00:02.278284   MAC            <bytes>   = "08 00 27 74 9a 66" (cb=6)
00:00:02.278285 
00:00:02.278285 [/Devices/pcnet/0/LUN#0/] (level 4)
00:00:02.278285   Driver <string>  = "NAT" (cb=4)
00:00:02.278286 
00:00:02.278286 [/Devices/pcnet/0/LUN#0/Config/] (level 5)
00:00:02.278287   AliasMode          <integer> = 0x0000000000000000 (0)
00:00:02.278287   DNSProxy           <integer> = 0x0000000000000000 (0)
00:00:02.278287   EnableTFTP         <integer> = 0x0000000000000000 (0)
00:00:02.278287   ForwardBroadcast   <integer> = 0x0000000000000000 (0)
00:00:02.278288   LocalhostReachable <integer> = 0x0000000000000001 (1)
00:00:02.278288   Network            <string>  = "10.0.2.0/24" (cb=12)
00:00:02.278288   PassDomain         <integer> = 0x0000000000000001 (1)
00:00:02.278288   UseHostResolver    <integer> = 0x0000000000000000 (0)
00:00:02.278288 
00:00:02.278288 [/Devices/pcnet/0/LUN#999/] (level 4)
00:00:02.278289   Driver <string>  = "MainStatus" (cb=11)
00:00:02.278289 
00:00:02.278289 [/Devices/pcnet/0/LUN#999/Config/] (level 5)
00:00:02.278290   First                <integer> = 0x0000000000000000 (0)
00:00:02.278290   HasMediumAttachments <integer> = 0x0000000000000000 (0)
00:00:02.278290   Last                 <integer> = 0x0000000000000000 (0)
00:00:02.278290   iLedSet              <integer> = 0x0000000000000005 (5)
00:00:02.278290 
00:00:02.278291 [/Devices/serial/] (level 2)
00:00:02.278291 
00:00:02.278291 [/Devices/serial/0/] (level 3)
00:00:02.278291   Trusted <integer> = 0x0000000000000001 (1)
00:00:02.278291 
00:00:02.278291 [/Devices/serial/0/Config/] (level 4)
00:00:02.278292   IOAddress <integer> = 0x00000000000000e9 (233)
00:00:02.278292   IRQ       <integer> = 0x0000000000000004 (4)
00:00:02.278292   UartType  <string>  = "16550A" (cb=7)
00:00:02.278293 
00:00:02.278293 [/Devices/serial/0/LUN#0/] (level 4)
00:00:02.278293   Driver <string>  = "Char" (cb=5)
00:00:02.278293 
00:00:02.278293 [/Devices/serial/0/LUN#0/AttachedDriver/] (level 5)
00:00:02.278294   Driver <string>  = "NamedPipe" (cb=10)
00:00:02.278294 
00:00:02.278294 [/Devices/serial/0/LUN#0/AttachedDriver/Config/] (level 6)
00:00:02.278295   IsServer <integer> = 0x0000000000000000 (0)
00:00:02.278295   Location <string>  = "log.log" (cb=8)
00:00:02.278296 
00:00:02.278296 [/Devices/usb-ehci/] (level 2)
00:00:02.278296 
00:00:02.278296 [/Devices/usb-ehci/0/] (level 3)
00:00:02.278297   PCIBusNo      <integer> = 0x0000000000000000 (0)
00:00:02.278297   PCIDeviceNo   <integer> = 0x000000000000000b (11)
00:00:02.278297   PCIFunctionNo <integer> = 0x0000000000000000 (0)
00:00:02.278297   Trusted       <integer> = 0x0000000000000001 (1)
00:00:02.278298 
00:00:02.278298 [/Devices/usb-ehci/0/Config/] (level 4)
00:00:02.278298 
00:00:02.278298 [/Devices/usb-ehci/0/LUN#0/] (level 4)
00:00:02.278298   Driver <string>  = "VUSBRootHub" (cb=12)
00:00:02.278299 
00:00:02.278299 [/Devices/usb-ehci/0/LUN#0/Config/] (level 5)
00:00:02.278299 
00:00:02.278300 [/Devices/usb-ehci/0/LUN#999/] (level 4)
00:00:02.278300   Driver <string>  = "MainStatus" (cb=11)
00:00:02.278300 
00:00:02.278300 [/Devices/usb-ehci/0/LUN#999/Config/] (level 5)
00:00:02.278301   First                <integer> = 0x0000000000000000 (0)
00:00:02.278301   HasMediumAttachments <integer> = 0x0000000000000000 (0)
00:00:02.278301   Last                 <integer> = 0x0000000000000000 (0)
00:00:02.278302   iLedSet              <integer> = 0x0000000000000002 (2)
00:00:02.278302 
00:00:02.278302 [/Devices/usb-ohci/] (level 2)
00:00:02.278302 
00:00:02.278302 [/Devices/usb-ohci/0/] (level 3)
00:00:02.278303   PCIBusNo      <integer> = 0x0000000000000000 (0)
00:00:02.278304   PCIDeviceNo   <integer> = 0x0000000000000006 (6)
00:00:02.278304   PCIFunctionNo <integer> = 0x0000000000000000 (0)
00:00:02.278304   Trusted       <integer> = 0x0000000000000001 (1)
00:00:02.278304 
00:00:02.278304 [/Devices/usb-ohci/0/Config/] (level 4)
00:00:02.278305 
00:00:02.278305 [/Devices/usb-ohci/0/LUN#0/] (level 4)
00:00:02.278306   Driver <string>  = "VUSBRootHub" (cb=12)
00:00:02.278306 
00:00:02.278306 [/Devices/usb-ohci/0/LUN#0/Config/] (level 5)
00:00:02.278306 
00:00:02.278306 [/Devices/usb-ohci/0/LUN#999/] (level 4)
00:00:02.278307   Driver <string>  = "MainStatus" (cb=11)
00:00:02.278307 
00:00:02.278307 [/Devices/usb-ohci/0/LUN#999/Config/] (level 5)
00:00:02.278308   First                <integer> = 0x0000000000000000 (0)
00:00:02.278308   HasMediumAttachments <integer> = 0x0000000000000000 (0)
00:00:02.278308   Last                 <integer> = 0x0000000000000000 (0)
00:00:02.278308   iLedSet              <integer> = 0x0000000000000001 (1)
00:00:02.278309 
00:00:02.278309 [/Devices/vga/] (level 2)
00:00:02.278309 
00:00:02.278309 [/Devices/vga/0/] (level 3)
00:00:02.278310   PCIBusNo      <integer> = 0x0000000000000000 (0)
00:00:02.278310   PCIDeviceNo   <integer> = 0x0000000000000002 (2)
00:00:02.278311   PCIFunctionNo <integer> = 0x0000000000000000 (0)
00:00:02.278311   Trusted       <integer> = 0x0000000000000001 (1)
00:00:02.278311 
00:00:02.278311 [/Devices/vga/0/Config/] (level 4)
00:00:02.278313   3DEnabled             <integer> = 0x0000000000000000 (0)
00:00:02.278313   CustomVideoModes      <integer> = 0x0000000000000000 (0)
00:00:02.278313   FadeIn                <integer> = 0x0000000000000001 (1)
00:00:02.278313   FadeOut               <integer> = 0x0000000000000001 (1)
00:00:02.278314   HeightReduction       <integer> = 0x0000000000000000 (0)
00:00:02.278314   LogoFile              <string>  = "" (cb=1)
00:00:02.278314   LogoTime              <integer> = 0x0000000000000000 (0)
00:00:02.278314   MonitorCount          <integer> = 0x0000000000000001 (1)
00:00:02.278315   ShowBootMenu          <integer> = 0x0000000000000002 (2)
00:00:02.278315   VMSVGA3dEnabled       <integer> = 0x0000000000000000 (0)
00:00:02.278315   VMSVGAEnabled         <integer> = 0x0000000000000001 (1)
00:00:02.278315   VMSVGAPciBarLayout    <integer> = 0x0000000000000001 (1)
00:00:02.278316   VMSVGAPciId           <integer> = 0x0000000000000001 (1)
00:00:02.278316   VRamSize              <integer> = 0x0000000008000000 (134 217 728, 128.0 MiB)
00:00:02.278316   VmSvga3               <integer> = 0x0000000000000000 (0)
00:00:02.278316   VmSvgaExposeLegacyVga <integer> = 0x0000000000000001 (1)
00:00:02.278317 
00:00:02.278317 [/Devices/vga/0/LUN#0/] (level 4)
00:00:02.278317   Driver <string>  = "MainDisplay" (cb=12)
00:00:02.278317 
00:00:02.278318 [/Devices/vga/0/LUN#0/Config/] (level 5)
00:00:02.278318 
00:00:02.278318 [/Devices/vga/0/LUN#999/] (level 4)
00:00:02.278318   Driver <string>  = "MainStatus" (cb=11)
00:00:02.278318 
00:00:02.278319 [/Devices/vga/0/LUN#999/Config/] (level 5)
00:00:02.278319   First                <integer> = 0x0000000000000000 (0)
00:00:02.278319   HasMediumAttachments <integer> = 0x0000000000000000 (0)
00:00:02.278320   Last                 <integer> = 0x0000000000000000 (0)
00:00:02.278320   iLedSet              <integer> = 0x0000000000000000 (0)
00:00:02.278320 
00:00:02.278320 [/Devices/virtio-net/] (level 2)
00:00:02.278321 
00:00:02.278321 [/EM/] (level 1)
00:00:02.278321   TripleFaultReset <integer> = 0x0000000000000000 (0)
00:00:02.278321 
00:00:02.278321 [/GCM/] (level 1)
00:00:02.278321   MesaVmsvgaDrv <integer> = 0x0000000000000001 (1)
00:00:02.278322 
00:00:02.278322 [/GIM/] (level 1)
00:00:02.278322   Provider <string>  = "None" (cb=5)
00:00:02.278322 
00:00:02.278322 [/HM/] (level 1)
00:00:02.278324   64bitEnabled            <integer> = 0x0000000000000001 (1)
00:00:02.278324   EnableLargePages        <integer> = 0x0000000000000001 (1)
00:00:02.278324   EnableNestedPaging      <integer> = 0x0000000000000001 (1)
00:00:02.278324   EnableUX                <integer> = 0x0000000000000001 (1)
00:00:02.278325   EnableVPID              <integer> = 0x0000000000000001 (1)
00:00:02.278325   Exclusive               <integer> = 0x0000000000000002 (2)
00:00:02.278325   HMForced                <integer> = 0x0000000000000001 (1)
00:00:02.278325   IBPBOnVMEntry           <integer> = 0x0000000000000000 (0)
00:00:02.278326   IBPBOnVMExit            <integer> = 0x0000000000000000 (0)
00:00:02.278326   L1DFlushOnSched         <integer> = 0x0000000000000001 (1)
00:00:02.278326   L1DFlushOnVMEntry       <integer> = 0x0000000000000000 (0)
00:00:02.278326   LovelyMesaDrvWorkaround <integer> = 0x0000000000000001 (1)
00:00:02.278326   MDSClearOnSched         <integer> = 0x0000000000000001 (1)
00:00:02.278327   MDSClearOnVMEntry       <integer> = 0x0000000000000000 (0)
00:00:02.278327   SpecCtrlByHost          <integer> = 0x0000000000000000 (0)
00:00:02.278327   SvmVirtVmsaveVmload     <integer> = 0x0000000000000000 (0)
00:00:02.278327   UseNEMInstead           <integer> = 0x0000000000000000 (0)
00:00:02.278328 
00:00:02.278328 [/MM/] (level 1)
00:00:02.278328   CanUseLargerHeap <integer> = 0x0000000000000000 (0)
00:00:02.278328 
00:00:02.278328 [/NEM/] (level 1)
00:00:02.278329   Allow64BitGuests        <integer> = 0x0000000000000001 (1)
00:00:02.278329   IBPBOnVMEntry           <integer> = 0x0000000000000000 (0)
00:00:02.278329   IBPBOnVMExit            <integer> = 0x0000000000000000 (0)
00:00:02.278330   L1DFlushOnSched         <integer> = 0x0000000000000001 (1)
00:00:02.278330   L1DFlushOnVMEntry       <integer> = 0x0000000000000000 (0)
00:00:02.278330   LovelyMesaDrvWorkaround <integer> = 0x0000000000000001 (1)
00:00:02.278330   MDSClearOnSched         <integer> = 0x0000000000000001 (1)
00:00:02.278330   MDSClearOnVMEntry       <integer> = 0x0000000000000000 (0)
00:00:02.278331 
00:00:02.278331 [/PDM/] (level 1)
00:00:02.278331 
00:00:02.278331 [/PDM/AsyncCompletion/] (level 2)
00:00:02.278331 
00:00:02.278331 [/PDM/AsyncCompletion/File/] (level 3)
00:00:02.278332 
00:00:02.278332 [/PDM/AsyncCompletion/File/BwGroups/] (level 4)
00:00:02.278333 
00:00:02.278333 [/PDM/BlkCache/] (level 2)
00:00:02.278333   CacheSize <integer> = 0x0000000000500000 (5 242 880, 5.0 MiB)
00:00:02.278334 
00:00:02.278334 [/PDM/Devices/] (level 2)
00:00:02.278334 
00:00:02.278334 [/PDM/Drivers/] (level 2)
00:00:02.278334 
00:00:02.278334 [/PDM/Drivers/VBoxC/] (level 3)
00:00:02.278335   Path <string>  = "VBoxC" (cb=6)
00:00:02.278335 
00:00:02.278335 [/PDM/NetworkShaper/] (level 2)
00:00:02.278336 
00:00:02.278336 [/PDM/NetworkShaper/BwGroups/] (level 3)
00:00:02.278336 
00:00:02.278336 [/TM/] (level 1)
00:00:02.278336   UTCOffset <integer> = 0x0000000000000000 (0)
00:00:02.278337 
00:00:02.278337 [/USB/] (level 1)
00:00:02.278337 
00:00:02.278337 [/USB/USBProxy/] (level 2)
00:00:02.278337 
00:00:02.278337 [/USB/USBProxy/GlobalConfig/] (level 3)
00:00:02.278337 
00:00:02.278338 ********************* End of CFGM dump **********************
00:00:02.278394 HM: HMR3Init: Attempting fall back to NEM: AMD-V is not available
00:00:02.306907 NEM:  info: Found optional import WinHvPlatform.dll!WHvQueryGpaRangeDirtyBitmap.
00:00:02.306921 NEM:  info: Found optional import WinHvPlatform.dll!WHvResumePartitionTime.
00:00:02.306923 NEM:  info: Found optional import WinHvPlatform.dll!WHvSuspendPartitionTime.
00:00:02.306925 NEM:  info: Found optional import WinHvPlatform.dll!WHvRequestInterrupt.
00:00:02.306927 NEM:  info: Found optional import WinHvPlatform.dll!WHvGetVirtualProcessorXsaveState.
00:00:02.306930 NEM:  info: Found optional import WinHvPlatform.dll!WHvSetVirtualProcessorXsaveState.
00:00:02.306932 NEM:  info: Found optional import WinHvPlatform.dll!WHvGetVirtualProcessorState.
00:00:02.306933 NEM:  info: Found optional import WinHvPlatform.dll!WHvSetVirtualProcessorState.
00:00:02.306935 NEM:  info: Found optional import WinHvPlatform.dll!WHvGetVirtualProcessorInterruptControllerState.
00:00:02.306937 NEM:  info: Found optional import WinHvPlatform.dll!WHvSetVirtualProcessorInterruptControllerState.
00:00:02.306939 NEM:  info: Found optional import WinHvPlatform.dll!WHvGetVirtualProcessorInterruptControllerState2.
00:00:02.306941 NEM:  info: Found optional import WinHvPlatform.dll!WHvSetVirtualProcessorInterruptControllerState2.
00:00:02.306946 NEM:  info: Found optional import vid.dll!VidGetHvPartitionId.
00:00:02.306948 NEM:  info: Found optional import vid.dll!VidGetPartitionProperty.
00:00:02.307164 NEM: WHvCapabilityCodeHypervisorPresent is TRUE, so this might work...
00:00:02.307167 NEM: WHvCapabilityCodeExtendedVmExits      = 0x0000000000007fff
00:00:02.307172 NEM:                           X64CpuidExit: 1
00:00:02.307174 NEM:                             X64MsrExit: 1
00:00:02.307176 NEM:                          ExceptionExit: 1
00:00:02.307178 NEM:                           X64RdtscExit: 1
00:00:02.307180 NEM:                     X64ApicSmiExitTrap: 1
00:00:02.307187 NEM:                          HypercallExit: 1
00:00:02.307190 NEM:                X64ApicInitSipiExitTrap: 1
00:00:02.307192 NEM:              X64ApicWriteLint0ExitTrap: 1
00:00:02.307193 NEM:              X64ApicWriteLint1ExitTrap: 1
00:00:02.307196 NEM:                X64ApicWriteSvrExitTrap: 1
00:00:02.307198 NEM:                 UnknownSynicConnection: 1
00:00:02.307201 NEM:              RetargetUnknownVpciDevice: 1
00:00:02.307203 NEM:                X64ApicWriteLdrExitTrap: 1
00:00:02.307204 NEM:                X64ApicWriteDfrExitTrap: 1
00:00:02.307206 NEM:                     GpaAccessFaultExit: 1
00:00:02.307208 NEM: WHvCapabilityCodeFeatures             = 0x00000000000002ff
00:00:02.307210 NEM:                           PartialUnmap: 1
00:00:02.307212 NEM:                     LocalApicEmulation: 1
00:00:02.307214 NEM:                                  Xsave: 1
00:00:02.307216 NEM:                      DirtyPageTracking: 1
00:00:02.307218 NEM:                     SpeculationControl: 1
00:00:02.307220 NEM:                         ApicRemoteRead: 1
00:00:02.307222 NEM:                            IdleSuspend: 1
00:00:02.307223 NEM:                VirtualPciDeviceSupport: 1
00:00:02.307225 NEM:                           IommuSupport: 0
00:00:02.307227 NEM:                         VpHotAddRemove: 1
00:00:02.307234 NEM: Supported xsave features: 0x41ffffdf
00:00:02.307236 NEM:                           XsaveSupport: 1
00:00:02.307238 NEM:                        XsaveoptSupport: 1
00:00:02.307240 NEM:                             AvxSupport: 1
00:00:02.307242 NEM:                            Avx2Support: 1
00:00:02.307244 NEM:                             FmaSupport: 1
00:00:02.307245 NEM:                             MpxSupport: 0
00:00:02.307247 NEM:                          Avx512Support: 1
00:00:02.307249 NEM:                        Avx512DQSupport: 1
00:00:02.307251 NEM:                        Avx512BWSupport: 1
00:00:02.307253 NEM:                        Avx512VLSupport: 1
00:00:02.307255 NEM:                       XsaveCompSupport: 1
00:00:02.307256 NEM:                 XsaveSupervisorSupport: 1
00:00:02.307258 NEM:                            Xcr1Support: 1
00:00:02.307261 NEM:                    Avx512BitalgSupport: 1
00:00:02.307262 NEM:                      Avx512IfmaSupport: 1
00:00:02.307264 NEM:                      Avx512VBmiSupport: 1
00:00:02.307266 NEM:                     Avx512VBmi2Support: 1
00:00:02.307268 NEM:                      Avx512VnniSupport: 1
00:00:02.307270 NEM:                            GfniSupport: 1
00:00:02.307271 NEM:                            VaesSupport: 1
00:00:02.307273 NEM:                 Avx512VPopcntdqSupport: 1
00:00:02.307275 NEM:                      VpclmulqdqSupport: 1
00:00:02.307277 NEM:                      Avx512Bf16Support: 1
00:00:02.307279 NEM:              Avx512Vp2IntersectSupport: 1
00:00:02.307281 NEM:                      Avx512Fp16Support: 0
00:00:02.307282 NEM:                             XfdSupport: 0
00:00:02.307284 NEM:                         AmxTileSupport: 0
00:00:02.307286 NEM:                         AmxBf16Support: 0
00:00:02.307288 NEM:                         AmxInt8Support: 0
00:00:02.307290 NEM:                         AvxVnniSupport: 1
00:00:02.307292 NEM: Supported exception exit bitmap: 0xf7dfb
00:00:02.307298 NEM: WHvCapabilityCodeProcessorVendor      = 0 - AMD
00:00:02.307305 NEM: WHvCapabilityCodeProcessorFeatures    = 0x06037fcb67f39fbf
00:00:02.307307 NEM:                            Sse3Support: 1
00:00:02.307309 NEM:                        LahfSahfSupport: 1
00:00:02.307311 NEM:                           Ssse3Support: 1
00:00:02.307313 NEM:                          Sse4_1Support: 1
00:00:02.307315 NEM:                          Sse4_2Support: 1
00:00:02.307317 NEM:                           Sse4aSupport: 1
00:00:02.307319 NEM:                             XopSupport: 0
00:00:02.307320 NEM:                          PopCntSupport: 1
00:00:02.307323 NEM:                      Cmpxchg16bSupport: 1
00:00:02.307325 NEM:                       Altmovcr8Support: 1
00:00:02.307327 NEM:                           LzcntSupport: 1
00:00:02.307329 NEM:                     MisAlignSseSupport: 1
00:00:02.307331 NEM:                          MmxExtSupport: 1
00:00:02.307333 NEM:                        Amd3DNowSupport: 0
00:00:02.307335 NEM:                ExtendedAmd3DNowSupport: 0
00:00:02.307336 NEM:                         Page1GbSupport: 1
00:00:02.307338 NEM:                             AesSupport: 1
00:00:02.307340 NEM:                       PclmulqdqSupport: 1
00:00:02.307342 NEM:                            PcidSupport: 0
00:00:02.307344 NEM:                            Fma4Support: 0
00:00:02.307345 NEM:                            F16CSupport: 1
00:00:02.307347 NEM:                          RdRandSupport: 1
00:00:02.307349 NEM:                        RdWrFsGsSupport: 1
00:00:02.307351 NEM:                            SmepSupport: 1
00:00:02.307353 NEM:              EnhancedFastStringSupport: 1
00:00:02.307355 NEM:                            Bmi1Support: 1
00:00:02.307356 NEM:                            Bmi2Support: 1
00:00:02.307358 NEM:                              Reserved1: 0
00:00:02.307360 NEM:                           MovbeSupport: 1
00:00:02.307362 NEM:                          Npiep1Support: 1
00:00:02.307364 NEM:                   DepX87FPUSaveSupport: 0
00:00:02.307366 NEM:                          RdSeedSupport: 1
00:00:02.307367 NEM:                             AdxSupport: 1
00:00:02.307369 NEM:                   IntelPrefetchSupport: 0
00:00:02.307371 NEM:                            SmapSupport: 1
00:00:02.307373 NEM:                             HleSupport: 0
00:00:02.307375 NEM:                             RtmSupport: 0
00:00:02.307377 NEM:                          RdtscpSupport: 1
00:00:02.307378 NEM:                      ClflushoptSupport: 1
00:00:02.307380 NEM:                            ClwbSupport: 1
00:00:02.307382 NEM:                             ShaSupport: 1
00:00:02.307384 NEM:                X87PointersSavedSupport: 1
00:00:02.307386 NEM:                         InvpcidSupport: 1
00:00:02.307388 NEM:                            IbrsSupport: 1
00:00:02.307390 NEM:                           StibpSupport: 1
00:00:02.307391 NEM:                            IbpbSupport: 1
00:00:02.307393 NEM:                              Reserved2: 0
00:00:02.307395 NEM:                            SsbdSupport: 1
00:00:02.307397 NEM:                 FastShortRepMovSupport: 1
00:00:02.307399 NEM:                              Reserved3: 0
00:00:02.307401 NEM:                                 RdclNo: 0
00:00:02.307402 NEM:                         IbrsAllSupport: 0
00:00:02.307404 NEM:                              Reserved4: 0
00:00:02.307406 NEM:                                  SsbNo: 0
00:00:02.307408 NEM:                                 RsbANo: 0
00:00:02.307410 NEM:                              Reserved5: 0
00:00:02.307412 NEM:                           RdPidSupport: 1
00:00:02.307414 NEM:                            UmipSupport: 1
00:00:02.307415 NEM:                           MdsNoSupport: 0
00:00:02.307417 NEM:                         MdClearSupport: 0
00:00:02.307419 NEM:                           TaaNoSupport: 0
00:00:02.307421 NEM:                         TsxCtrlSupport: 0
00:00:02.307423 NEM:                              Reserved6: 0
00:00:02.307427 NEM: WHvCapabilityCodeProcessorClFlushSize = 2^8
00:00:02.307430 NEM: Warning! Unknown capability 0x4 returning: 3f 00 00 00 00 00 00 00 00 00 00 00 00 00 00 00 00 00 00 00 00 00 00 00
00:00:02.307433 NEM: Warning! Unknown capability 0x5 returning: 03 00 00 00 00 00 00 00 00 00 00 00 00 00 00 00 00 00 00 00 00 00 00 00
00:00:02.307445 NEM: Warning! Unknown capability 0x6 returning: 00 00 00 00 00 00 00 00 00 00 00 00 00 00 00 00 00 00 00 00 00 00 00 00
00:00:02.307686 NEM: Warning! Unknown capability 0x1003 returning: df ff ff 41 00 00 00 00 00 00 00 00 00 00 00 00 00 00 00 00 00 00 00 00
00:00:02.307695 NEM: Warning! Unknown capability 0x1004 returning: 60 d6 fb 76 00 00 00 00 00 00 00 00 00 00 00 00 00 00 00 00 00 00 00 00
00:00:02.307698 NEM: Warning! Unknown capability 0x1005 returning: 00 c2 eb 0b 00 00 00 00 00 00 00 00 00 00 00 00 00 00 00 00 00 00 00 00
00:00:02.307700 NEM: Warning! Unknown capability 0x1006 returning: 02 00 00 00 00 00 00 00 bf 9f f3 67 cb 7f 03 06 ef 01 00 e0 00 00 00 18
00:00:02.307703 NEM: Warning! Unknown capability 0x1007 returning: 00 00 00 00 00 00 00 00 00 00 00 00 00 00 00 00 00 00 00 00 00 00 00 00
00:00:02.307708 NEM: Warning! Unknown capability 0x1008 returning: 01 00 00 00 00 00 00 00 ff 8f 44 ff 6f 00 00 00 00 00 00 00 00 00 00 00
00:00:02.307712 NEM: Warning! Unknown capability 0x1009 returning: 03 00 00 00 00 00 00 00 00 00 00 00 00 00 00 00 00 00 00 00 00 00 00 00
00:00:02.307717 NEM: Warning! Unknown capability 0x100a returning: 30 00 00 00 00 00 00 00 00 00 00 00 00 00 00 00 00 00 00 00 00 00 00 00
00:00:02.308131 NEM: Created partition 0000029a09a51690.
00:00:02.308145 PGM: Enabling NEM mode
00:00:02.308187 NEM:
00:00:02.308187 NEM: NEMR3Init: Snail execution mode is active!
00:00:02.308187 NEM: Note! VirtualBox is not able to run at its full potential in this execution mode.
00:00:02.308187 NEM:       To see VirtualBox run at max speed you need to disable all Windows features
00:00:02.308187 NEM:       making use of Hyper-V.  That is a moving target, so google how and carefully
00:00:02.308187 NEM:       consider the consequences of disabling these features.
00:00:02.308187 NEM:
00:00:02.308206 CPUM: No hardware-virtualization capability detected
00:00:02.308209 CPUM: fXStateHostMask=0xe7; host XCR0=0xe7
00:00:02.309943 CPUM: Matched host CPU AMD 0x1a/0x24/0x0 AMD_Unknown with CPU DB entry 'AMD Ryzen 7 1800X Eight-Core' (AMD 0x17/0x1/0x1 AMD_Zen_Ryzen)
00:00:02.311718 CPUM: MXCSR_MASK=0x2ffff (host: 0x2ffff)
00:00:02.311743 CPUM: Microcode revision 0x0B20401B
00:00:02.311752 CPUM: Changing leaf 13[0]: EBX=0x980 -> 0x340, ECX=0x980 -> 0x340
00:00:02.311773 CPUM: MSR fudge: 0x00000017 IA32_PLATFORM_ID
00:00:02.311811 CPUM: MSR fudge: 0x000001a0 IA32_MISC_ENABLE
00:00:02.311820 CPUM: MSR fudge: 0x000002ff IA32_MTRR_DEF_TYPE
00:00:02.311828 CPUM: MSR fudge: 0x0000002c P4_EBC_FREQUENCY_ID
00:00:02.311855 CPUM: SetGuestCpuIdFeature: Enabled SYSENTER/EXIT
00:00:02.311858 CPUM: SetGuestCpuIdFeature: Enabled SYSCALL/RET
00:00:02.311860 CPUM: SetGuestCpuIdFeature: Enabled PAE
00:00:02.311862 CPUM: SetGuestCpuIdFeature: Enabled LAHF/SAHF
00:00:02.311863 CPUM: SetGuestCpuIdFeature: Enabled NX
00:00:02.311865 CPUM: SetGuestCpuIdFeature: Enabled LONG MODE
00:00:02.311868 CPUM: Set SSBD not required flag for AMD to work around some buggy Linux kernels!
00:00:02.311870 CPUM: Enabled MTRR read-write support
00:00:02.311873 CPUM: Enabled fixed-range MTRRs and 16 (virtualized) variable-range MTRRs
00:00:02.317181 NEM: HvPartitionPropertyProcessorVendor=0x0 (0)
00:00:02.317440 NEM: cbXSaveArea=2472
00:00:02.317475 NEM: Default XSAVE area returned by Hyper-V
00:00:02.317477 000000f4f8afd9c0/0000: 00 00 00 00 00 00 00 00-00 00 00 00 00 00 00 00 ................
00:00:02.317478 000000f4f8afd9d0/0010: 00 00 00 00 00 00 00 00-80 1f 00 00 ff ff 02 00 ................
00:00:02.317479 000000f4f8afd9e0/0020: 00 00 00 00 00 00 00 00-00 00 00 00 00 00 00 00 ................
00:00:02.317480 000000f4f8afd9f0/0030: 00 00 00 00 00 00 00 00-00 00 00 00 00 00 00 00 ................
00:00:02.317480 000000f4f8afda00/0040: 00 00 00 00 00 00 00 00-00 00 00 00 00 00 00 00 ................
00:00:02.317481 000000f4f8afda10/0050: 00 00 00 00 00 00 00 00-00 00 00 00 00 00 00 00 ................
00:00:02.317481 000000f4f8afda20/0060: 00 00 00 00 00 00 00 00-00 00 00 00 00 00 00 00 ................
00:00:02.317482 000000f4f8afda30/0070: 00 00 00 00 00 00 00 00-00 00 00 00 00 00 00 00 ................
00:00:02.317483 000000f4f8afda40/0080: 00 00 00 00 00 00 00 00-00 00 00 00 00 00 00 00 ................
00:00:02.317483 000000f4f8afda50/0090: 00 00 00 00 00 00 00 00-00 00 00 00 00 00 00 00 ................
00:00:02.317484 000000f4f8afda60/00a0: 00 00 00 00 00 00 00 00-00 00 00 00 00 00 00 00 ................
00:00:02.317484 000000f4f8afda70/00b0: 00 00 00 00 00 00 00 00-00 00 00 00 00 00 00 00 ................
00:00:02.317485 000000f4f8afda80/00c0: 00 00 00 00 00 00 00 00-00 00 00 00 00 00 00 00 ................
00:00:02.317486 000000f4f8afda90/00d0: 00 00 00 00 00 00 00 00-00 00 00 00 00 00 00 00 ................
00:00:02.317486 000000f4f8afdaa0/00e0: 00 00 00 00 00 00 00 00-00 00 00 00 00 00 00 00 ................
00:00:02.317487 000000f4f8afdab0/00f0: 00 00 00 00 00 00 00 00-00 00 00 00 00 00 00 00 ................
00:00:02.317487 000000f4f8afdac0/0100: 00 00 00 00 00 00 00 00-00 00 00 00 00 00 00 00 ................
00:00:02.317488 000000f4f8afdad0/0110: 00 00 00 00 00 00 00 00-00 00 00 00 00 00 00 00 ................
00:00:02.317489 000000f4f8afdae0/0120: 00 00 00 00 00 00 00 00-00 00 00 00 00 00 00 00 ................
00:00:02.317489 000000f4f8afdaf0/0130: 00 00 00 00 00 00 00 00-00 00 00 00 00 00 00 00 ................
00:00:02.317490 000000f4f8afdb00/0140: 00 00 00 00 00 00 00 00-00 00 00 00 00 00 00 00 ................
00:00:02.317490 000000f4f8afdb10/0150: 00 00 00 00 00 00 00 00-00 00 00 00 00 00 00 00 ................
00:00:02.317491 000000f4f8afdb20/0160: 00 00 00 00 00 00 00 00-00 00 00 00 00 00 00 00 ................
00:00:02.317492 000000f4f8afdb30/0170: 00 00 00 00 00 00 00 00-00 00 00 00 00 00 00 00 ................
00:00:02.317492 000000f4f8afdb40/0180: 00 00 00 00 00 00 00 00-00 00 00 00 00 00 00 00 ................
00:00:02.317493 000000f4f8afdb50/0190: 00 00 00 00 00 00 00 00-00 00 00 00 00 00 00 00 ................
00:00:02.317493 000000f4f8afdb60/01a0: 00 00 00 00 00 00 00 00-00 00 00 00 00 00 00 00 ................
00:00:02.317494 000000f4f8afdb70/01b0: 00 00 00 00 00 00 00 00-00 00 00 00 00 00 00 00 ................
00:00:02.317495 000000f4f8afdb80/01c0: 00 00 00 00 00 00 00 00-00 00 00 00 00 00 00 00 ................
00:00:02.317495 000000f4f8afdb90/01d0: 00 00 00 00 00 00 00 00-00 00 00 00 00 00 00 00 ................
00:00:02.317496 000000f4f8afdba0/01e0: 00 00 00 00 00 00 00 00-00 00 00 00 00 00 00 00 ................
00:00:02.317496 000000f4f8afdbb0/01f0: 00 00 00 00 00 00 00 00-00 00 00 00 00 00 00 00 ................
00:00:02.317497 000000f4f8afdbc0/0200: 02 18 00 00 00 00 00 00-e7 18 00 00 00 00 00 80 ................
00:00:02.317498 000000f4f8afdbd0/0210: 00 00 00 00 00 00 00 00-00 00 00 00 00 00 00 00 ................
00:00:02.317498 000000f4f8afdbe0/0220: 00 00 00 00 00 00 00 00-00 00 00 00 00 00 00 00 ................
00:00:02.317499 000000f4f8afdbf0/0230: 00 00 00 00 00 00 00 00-00 00 00 00 00 00 00 00 ................
00:00:02.317499 000000f4f8afdc00/0240: 00 00 00 00 00 00 00 00-00 00 00 00 00 00 00 00 ................
00:00:02.317500 000000f4f8afdc10/0250: 00 00 00 00 00 00 00 00-00 00 00 00 00 00 00 00 ................
00:00:02.317501 000000f4f8afdc20/0260: 00 00 00 00 00 00 00 00-00 00 00 00 00 00 00 00 ................
00:00:02.317501 000000f4f8afdc30/0270: 00 00 00 00 00 00 00 00-00 00 00 00 00 00 00 00 ................
00:00:02.317502 000000f4f8afdc40/0280: 00 00 00 00 00 00 00 00-00 00 00 00 00 00 00 00 ................
00:00:02.317502 000000f4f8afdc50/0290: 00 00 00 00 00 00 00 00-00 00 00 00 00 00 00 00 ................
00:00:02.317503 000000f4f8afdc60/02a0: 00 00 00 00 00 00 00 00-00 00 00 00 00 00 00 00 ................
00:00:02.317504 000000f4f8afdc70/02b0: 00 00 00 00 00 00 00 00-00 00 00 00 00 00 00 00 ................
00:00:02.317504 000000f4f8afdc80/02c0: 00 00 00 00 00 00 00 00-00 00 00 00 00 00 00 00 ................
00:00:02.317505 000000f4f8afdc90/02d0: 00 00 00 00 00 00 00 00-00 00 00 00 00 00 00 00 ................
00:00:02.317505 000000f4f8afdca0/02e0: 00 00 00 00 00 00 00 00-00 00 00 00 00 00 00 00 ................
00:00:02.317506 000000f4f8afdcb0/02f0: 00 00 00 00 00 00 00 00-00 00 00 00 00 00 00 00 ................
00:00:02.317507 000000f4f8afdcc0/0300: 00 00 00 00 00 00 00 00-00 00 00 00 00 00 00 00 ................
00:00:02.317507 000000f4f8afdcd0/0310: 00 00 00 00 00 00 00 00-00 00 00 00 00 00 00 00 ................
00:00:02.317508 000000f4f8afdce0/0320: 00 00 00 00 00 00 00 00-00 00 00 00 00 00 00 00 ................
00:00:02.317508 000000f4f8afdcf0/0330: 00 00 00 00 00 00 00 00-00 00 00 00 00 00 00 00 ................
00:00:02.317509 000000f4f8afdd00/0340: 00 00 00 00 00 00 00 00-00 00 00 00 00 00 00 00 ................
00:00:02.317510 000000f4f8afdd10/0350: 00 00 00 00 00 00 00 00-00 00 00 00 00 00 00 00 ................
00:00:02.317510 000000f4f8afdd20/0360: 00 00 00 00 00 00 00 00-00 00 00 00 00 00 00 00 ................
00:00:02.317511 000000f4f8afdd30/0370: 00 00 00 00 00 00 00 00-00 00 00 00 00 00 00 00 ................
00:00:02.317511 000000f4f8afdd40/0380: 00 00 00 00 00 00 00 00-00 00 00 00 00 00 00 00 ................
00:00:02.317512 000000f4f8afdd50/0390: 00 00 00 00 00 00 00 00-00 00 00 00 00 00 00 00 ................
00:00:02.317513 000000f4f8afdd60/03a0: 00 00 00 00 00 00 00 00-00 00 00 00 00 00 00 00 ................
00:00:02.317513 000000f4f8afdd70/03b0: 00 00 00 00 00 00 00 00-00 00 00 00 00 00 00 00 ................
00:00:02.317514 000000f4f8afdd80/03c0: 00 00 00 00 00 00 00 00-00 00 00 00 00 00 00 00 ................
00:00:02.317514 000000f4f8afdd90/03d0: 00 00 00 00 00 00 00 00-00 00 00 00 00 00 00 00 ................
00:00:02.317515 000000f4f8afdda0/03e0: 00 00 00 00 00 00 00 00-00 00 00 00 00 00 00 00 ................
00:00:02.317516 000000f4f8afddb0/03f0: 00 00 00 00 00 00 00 00-00 00 00 00 00 00 00 00 ................
00:00:02.317516 000000f4f8afddc0/0400: 00 00 00 00 00 00 00 00-00 00 00 00 00 00 00 00 ................
00:00:02.317517 000000f4f8afddd0/0410: 00 00 00 00 00 00 00 00-00 00 00 00 00 00 00 00 ................
00:00:02.317517 000000f4f8afdde0/0420: 00 00 00 00 00 00 00 00-00 00 00 00 00 00 00 00 ................
00:00:02.317518 000000f4f8afddf0/0430: 00 00 00 00 00 00 00 00-00 00 00 00 00 00 00 00 ................
00:00:02.317519 000000f4f8afde00/0440: 00 00 00 00 00 00 00 00-00 00 00 00 00 00 00 00 ................
00:00:02.317519 000000f4f8afde10/0450: 00 00 00 00 00 00 00 00-00 00 00 00 00 00 00 00 ................
00:00:02.317520 000000f4f8afde20/0460: 00 00 00 00 00 00 00 00-00 00 00 00 00 00 00 00 ................
00:00:02.317520 000000f4f8afde30/0470: 00 00 00 00 00 00 00 00-00 00 00 00 00 00 00 00 ................
00:00:02.317521 000000f4f8afde40/0480: 00 00 00 00 00 00 00 00-00 00 00 00 00 00 00 00 ................
00:00:02.317522 000000f4f8afde50/0490: 00 00 00 00 00 00 00 00-00 00 00 00 00 00 00 00 ................
00:00:02.317522 000000f4f8afde60/04a0: 00 00 00 00 00 00 00 00-00 00 00 00 00 00 00 00 ................
00:00:02.317523 000000f4f8afde70/04b0: 00 00 00 00 00 00 00 00-00 00 00 00 00 00 00 00 ................
00:00:02.317523 000000f4f8afde80/04c0: 00 00 00 00 00 00 00 00-00 00 00 00 00 00 00 00 ................
00:00:02.317524 000000f4f8afde90/04d0: 00 00 00 00 00 00 00 00-00 00 00 00 00 00 00 00 ................
00:00:02.317525 000000f4f8afdea0/04e0: 00 00 00 00 00 00 00 00-00 00 00 00 00 00 00 00 ................
00:00:02.317525 000000f4f8afdeb0/04f0: 00 00 00 00 00 00 00 00-00 00 00 00 00 00 00 00 ................
00:00:02.317526 000000f4f8afdec0/0500: 00 00 00 00 00 00 00 00-00 00 00 00 00 00 00 00 ................
00:00:02.317526 000000f4f8afded0/0510: 00 00 00 00 00 00 00 00-00 00 00 00 00 00 00 00 ................
00:00:02.317527 000000f4f8afdee0/0520: 00 00 00 00 00 00 00 00-00 00 00 00 00 00 00 00 ................
00:00:02.317528 000000f4f8afdef0/0530: 00 00 00 00 00 00 00 00-00 00 00 00 00 00 00 00 ................
00:00:02.317528 000000f4f8afdf00/0540: 00 00 00 00 00 00 00 00-00 00 00 00 00 00 00 00 ................
00:00:02.317529 000000f4f8afdf10/0550: 00 00 00 00 00 00 00 00-00 00 00 00 00 00 00 00 ................
00:00:02.317529 000000f4f8afdf20/0560: 00 00 00 00 00 00 00 00-00 00 00 00 00 00 00 00 ................
00:00:02.317530 000000f4f8afdf30/0570: 00 00 00 00 00 00 00 00-00 00 00 00 00 00 00 00 ................
00:00:02.317531 000000f4f8afdf40/0580: 00 00 00 00 00 00 00 00-00 00 00 00 00 00 00 00 ................
00:00:02.317531 000000f4f8afdf50/0590: 00 00 00 00 00 00 00 00-00 00 00 00 00 00 00 00 ................
00:00:02.317532 000000f4f8afdf60/05a0: 00 00 00 00 00 00 00 00-00 00 00 00 00 00 00 00 ................
00:00:02.317532 000000f4f8afdf70/05b0: 00 00 00 00 00 00 00 00-00 00 00 00 00 00 00 00 ................
00:00:02.317533 000000f4f8afdf80/05c0: 00 00 00 00 00 00 00 00-00 00 00 00 00 00 00 00 ................
00:00:02.317534 000000f4f8afdf90/05d0: 00 00 00 00 00 00 00 00-00 00 00 00 00 00 00 00 ................
00:00:02.317534 000000f4f8afdfa0/05e0: 00 00 00 00 00 00 00 00-00 00 00 00 00 00 00 00 ................
00:00:02.317535 000000f4f8afdfb0/05f0: 00 00 00 00 00 00 00 00-00 00 00 00 00 00 00 00 ................
00:00:02.317535 000000f4f8afdfc0/0600: 00 00 00 00 00 00 00 00-00 00 00 00 00 00 00 00 ................
00:00:02.317536 000000f4f8afdfd0/0610: 00 00 00 00 00 00 00 00-00 00 00 00 00 00 00 00 ................
00:00:02.317537 000000f4f8afdfe0/0620: 00 00 00 00 00 00 00 00-00 00 00 00 00 00 00 00 ................
00:00:02.317537 000000f4f8afdff0/0630: 00 00 00 00 00 00 00 00-00 00 00 00 00 00 00 00 ................
00:00:02.317538 000000f4f8afe000/0640: 00 00 00 00 00 00 00 00-00 00 00 00 00 00 00 00 ................
00:00:02.317538 000000f4f8afe010/0650: 00 00 00 00 00 00 00 00-00 00 00 00 00 00 00 00 ................
00:00:02.317539 000000f4f8afe020/0660: 00 00 00 00 00 00 00 00-00 00 00 00 00 00 00 00 ................
00:00:02.317540 000000f4f8afe030/0670: 00 00 00 00 00 00 00 00-00 00 00 00 00 00 00 00 ................
00:00:02.317540 000000f4f8afe040/0680: 00 00 00 00 00 00 00 00-00 00 00 00 00 00 00 00 ................
00:00:02.317541 000000f4f8afe050/0690: 00 00 00 00 00 00 00 00-00 00 00 00 00 00 00 00 ................
00:00:02.317541 000000f4f8afe060/06a0: 00 00 00 00 00 00 00 00-00 00 00 00 00 00 00 00 ................
00:00:02.317542 000000f4f8afe070/06b0: 00 00 00 00 00 00 00 00-00 00 00 00 00 00 00 00 ................
00:00:02.317543 000000f4f8afe080/06c0: 00 00 00 00 00 00 00 00-00 00 00 00 00 00 00 00 ................
00:00:02.317543 000000f4f8afe090/06d0: 00 00 00 00 00 00 00 00-00 00 00 00 00 00 00 00 ................
00:00:02.317544 000000f4f8afe0a0/06e0: 00 00 00 00 00 00 00 00-00 00 00 00 00 00 00 00 ................
00:00:02.317544 000000f4f8afe0b0/06f0: 00 00 00 00 00 00 00 00-00 00 00 00 00 00 00 00 ................
00:00:02.317545 000000f4f8afe0c0/0700: 00 00 00 00 00 00 00 00-00 00 00 00 00 00 00 00 ................
00:00:02.317546 000000f4f8afe0d0/0710: 00 00 00 00 00 00 00 00-00 00 00 00 00 00 00 00 ................
00:00:02.317546 000000f4f8afe0e0/0720: 00 00 00 00 00 00 00 00-00 00 00 00 00 00 00 00 ................
00:00:02.317547 000000f4f8afe0f0/0730: 00 00 00 00 00 00 00 00-00 00 00 00 00 00 00 00 ................
00:00:02.317547 000000f4f8afe100/0740: 00 00 00 00 00 00 00 00-00 00 00 00 00 00 00 00 ................
00:00:02.317548 000000f4f8afe110/0750: 00 00 00 00 00 00 00 00-00 00 00 00 00 00 00 00 ................
00:00:02.317549 000000f4f8afe120/0760: 00 00 00 00 00 00 00 00-00 00 00 00 00 00 00 00 ................
00:00:02.317549 000000f4f8afe130/0770: 00 00 00 00 00 00 00 00-00 00 00 00 00 00 00 00 ................
00:00:02.317550 000000f4f8afe140/0780: 00 00 00 00 00 00 00 00-00 00 00 00 00 00 00 00 ................
00:00:02.317550 000000f4f8afe150/0790: 00 00 00 00 00 00 00 00-00 00 00 00 00 00 00 00 ................
00:00:02.317551 000000f4f8afe160/07a0: 00 00 00 00 00 00 00 00-00 00 00 00 00 00 00 00 ................
00:00:02.317552 000000f4f8afe170/07b0: 00 00 00 00 00 00 00 00-00 00 00 00 00 00 00 00 ................
00:00:02.317552 000000f4f8afe180/07c0: 00 00 00 00 00 00 00 00-00 00 00 00 00 00 00 00 ................
00:00:02.317553 000000f4f8afe190/07d0: 00 00 00 00 00 00 00 00-00 00 00 00 00 00 00 00 ................
00:00:02.317553 000000f4f8afe1a0/07e0: 00 00 00 00 00 00 00 00-00 00 00 00 00 00 00 00 ................
00:00:02.317554 000000f4f8afe1b0/07f0: 00 00 00 00 00 00 00 00-00 00 00 00 00 00 00 00 ................
00:00:02.317555 000000f4f8afe1c0/0800: 00 00 00 00 00 00 00 00-00 00 00 00 00 00 00 00 ................
00:00:02.317555 000000f4f8afe1d0/0810: 00 00 00 00 00 00 00 00-00 00 00 00 00 00 00 00 ................
00:00:02.317556 000000f4f8afe1e0/0820: 00 00 00 00 00 00 00 00-00 00 00 00 00 00 00 00 ................
00:00:02.317556 000000f4f8afe1f0/0830: 00 00 00 00 00 00 00 00-00 00 00 00 00 00 00 00 ................
00:00:02.317557 000000f4f8afe200/0840: 00 00 00 00 00 00 00 00-00 00 00 00 00 00 00 00 ................
00:00:02.317558 000000f4f8afe210/0850: 00 00 00 00 00 00 00 00-00 00 00 00 00 00 00 00 ................
00:00:02.317558 000000f4f8afe220/0860: 00 00 00 00 00 00 00 00-00 00 00 00 00 00 00 00 ................
00:00:02.317559 000000f4f8afe230/0870: 00 00 00 00 00 00 00 00-00 00 00 00 00 00 00 00 ................
00:00:02.317559 000000f4f8afe240/0880: 00 00 00 00 00 00 00 00-00 00 00 00 00 00 00 00 ................
00:00:02.317560 000000f4f8afe250/0890: 00 00 00 00 00 00 00 00-00 00 00 00 00 00 00 00 ................
00:00:02.317561 000000f4f8afe260/08a0: 00 00 00 00 00 00 00 00-00 00 00 00 00 00 00 00 ................
00:00:02.317561 000000f4f8afe270/08b0: 00 00 00 00 00 00 00 00-00 00 00 00 00 00 00 00 ................
00:00:02.317562 000000f4f8afe280/08c0: 00 00 00 00 00 00 00 00-00 00 00 00 00 00 00 00 ................
00:00:02.317562 000000f4f8afe290/08d0: 00 00 00 00 00 00 00 00-00 00 00 00 00 00 00 00 ................
00:00:02.317563 000000f4f8afe2a0/08e0: 00 00 00 00 00 00 00 00-00 00 00 00 00 00 00 00 ................
00:00:02.317564 000000f4f8afe2b0/08f0: 00 00 00 00 00 00 00 00-00 00 00 00 00 00 00 00 ................
00:00:02.317564 000000f4f8afe2c0/0900: 00 00 00 00 00 00 00 00-00 00 00 00 00 00 00 00 ................
00:00:02.317565 000000f4f8afe2d0/0910: 00 00 00 00 00 00 00 00-00 00 00 00 00 00 00 00 ................
00:00:02.317565 000000f4f8afe2e0/0920: 00 00 00 00 00 00 00 00-00 00 00 00 00 00 00 00 ................
00:00:02.317566 000000f4f8afe2f0/0930: 00 00 00 00 00 00 00 00-00 00 00 00 00 00 00 00 ................
00:00:02.317567 000000f4f8afe300/0940: 00 00 00 00 00 00 00 00-00 00 00 00 00 00 00 00 ................
00:00:02.317567 000000f4f8afe310/0950: 00 00 00 00 00 00 00 00-00 00 00 00 00 00 00 00 ................
00:00:02.317568 000000f4f8afe320/0960: 00 00 00 00 00 00 00 00-00 00 00 00 00 00 00 00 ................
00:00:02.317568 000000f4f8afe330/0970: 00 00 00 00 00 00 00 00-00 00 00 00 00 00 00 00 ................
00:00:02.317569 000000f4f8afe340/0980: 00 00 00 00 00 00 00 00-00 00 00 00 00 00 00 00 ................
00:00:02.317569 000000f4f8afe350/0990: 00 00 00 00 00 00 00 00-00 00 00 00 00 00 00 00 ................
00:00:02.317570 000000f4f8afe360/09a0: 00 00 00 00 00 00 00 00                         ........
00:00:02.317580 NEM: Successfully set up partition (device handle 0000000000000fd5, partition ID 0x0)
00:00:02.317701 PGM: Host paging mode: AMD64+PGE+NX
00:00:02.317707 PGM: PGMPool: cMaxPages=512 (u64MaxPages=288)
00:00:02.317709 PGM: pgmR3PoolInit: cMaxPages=0x200 cMaxUsers=0x400 cMaxPhysExts=0x400 fCacheEnable=true
00:00:02.344787 TM: GIP - u32Mode=3 (Invariant) u32UpdateHz=93 u32UpdateIntervalNS=10741500 enmUseTscDelta=2 (Practically Zero) fGetGipCpu=0x3b cCpus=20
00:00:02.344827 TM: GIP - u64CpuHz=1 996 215 819 (0x76fbd60b)  SUPGetCpuHzFromGip => 1 996 215 819
00:00:02.344832 TM: GIP - CPU: iCpuSet=0x0 idCpu=0x0 idApic=0x0 iGipCpu=0x0 i64TSCDelta=0 enmState=3 u64CpuHz=1996215819(*) cErrors=0
00:00:02.344836 TM: GIP - CPU: iCpuSet=0x1 idCpu=0x1 idApic=0x1 iGipCpu=0x1 i64TSCDelta=0 enmState=3 u64CpuHz=1996201625(*) cErrors=0
00:00:02.344838 TM: GIP - CPU: iCpuSet=0x2 idCpu=0x2 idApic=0x2 iGipCpu=0x3 i64TSCDelta=0 enmState=3 u64CpuHz=1996214751(*) cErrors=0
00:00:02.344840 TM: GIP - CPU: iCpuSet=0x3 idCpu=0x3 idApic=0x3 iGipCpu=0x2 i64TSCDelta=0 enmState=3 u64CpuHz=1996209048(*) cErrors=0
00:00:02.344850 TM: GIP - CPU: iCpuSet=0x4 idCpu=0x4 idApic=0x4 iGipCpu=0x7 i64TSCDelta=0 enmState=3 u64CpuHz=1996215729(*) cErrors=0
00:00:02.344855 TM: GIP - CPU: iCpuSet=0x5 idCpu=0x5 idApic=0x5 iGipCpu=0x6 i64TSCDelta=0 enmState=3 u64CpuHz=1996215708(*) cErrors=0
00:00:02.344857 TM: GIP - CPU: iCpuSet=0x6 idCpu=0x6 idApic=0x6 iGipCpu=0x9 i64TSCDelta=0 enmState=3 u64CpuHz=1996215690(*) cErrors=0
00:00:02.344859 TM: GIP - CPU: iCpuSet=0x7 idCpu=0x7 idApic=0x7 iGipCpu=0x8 i64TSCDelta=0 enmState=3 u64CpuHz=1996215763(*) cErrors=0
00:00:02.344861 TM: GIP - CPU: iCpuSet=0x8 idCpu=0x8 idApic=0x10 iGipCpu=0x13 i64TSCDelta=0 enmState=3 u64CpuHz=1996201625(*) cErrors=0
00:00:02.344864 TM: GIP - CPU: iCpuSet=0x9 idCpu=0x9 idApic=0x11 iGipCpu=0x11 i64TSCDelta=0 enmState=3 u64CpuHz=1996201625(*) cErrors=0
00:00:02.344866 TM: GIP - CPU: iCpuSet=0xa idCpu=0xa idApic=0x12 iGipCpu=0x5 i64TSCDelta=0 enmState=3 u64CpuHz=1996215518(*) cErrors=0
00:00:02.344868 TM: GIP - CPU: iCpuSet=0xb idCpu=0xb idApic=0x13 iGipCpu=0x4 i64TSCDelta=0 enmState=3 u64CpuHz=1996215338(*) cErrors=0
00:00:02.344870 TM: GIP - CPU: iCpuSet=0xc idCpu=0xc idApic=0x14 iGipCpu=0xc i64TSCDelta=0 enmState=3 u64CpuHz=1996215855(*) cErrors=0
00:00:02.344872 TM: GIP - CPU: iCpuSet=0xd idCpu=0xd idApic=0x15 iGipCpu=0xd i64TSCDelta=0 enmState=3 u64CpuHz=1996215815(*) cErrors=0
00:00:02.344874 TM: GIP - CPU: iCpuSet=0xe idCpu=0xe idApic=0x16 iGipCpu=0xe i64TSCDelta=0 enmState=3 u64CpuHz=1996215819(*) cErrors=0
00:00:02.344876 TM: GIP - CPU: iCpuSet=0xf idCpu=0xf idApic=0x17 iGipCpu=0xf i64TSCDelta=0 enmState=3 u64CpuHz=1996201625(*) cErrors=0
00:00:02.344878 TM: GIP - CPU: iCpuSet=0x10 idCpu=0x10 idApic=0x18 iGipCpu=0x10 i64TSCDelta=0 enmState=3 u64CpuHz=1996201625(*) cErrors=0
00:00:02.344880 TM: GIP - CPU: iCpuSet=0x11 idCpu=0x11 idApic=0x19 iGipCpu=0x12 i64TSCDelta=0 enmState=3 u64CpuHz=1996201625(*) cErrors=0
00:00:02.344882 TM: GIP - CPU: iCpuSet=0x12 idCpu=0x12 idApic=0x1a iGipCpu=0xa i64TSCDelta=0 enmState=3 u64CpuHz=1996215810(*) cErrors=0
00:00:02.344884 TM: GIP - CPU: iCpuSet=0x13 idCpu=0x13 idApic=0x1b iGipCpu=0xb i64TSCDelta=0 enmState=3 u64CpuHz=1996215818(*) cErrors=0
00:00:02.344891 TM: NEM overrides the /TM/TSCModeSwitchAllowed setting.
00:00:02.344900 TM:     cTSCTicksPerSecond=1 996 215 819 (0x76fbd60b) enmTSCMode=4 (NativeApi) TSCMultiplier=1
00:00:02.344902 TM: cTSCTicksPerSecondHost=1 996 215 819 (0x76fbd60b)
00:00:02.344902 TM: TSCTiedToExecution=false TSCNotTiedToHalt=false
00:00:02.346237 EMR3Init: fIemExecutesAll=false fGuruOnTripleFault=true
00:00:02.346465 IEM: TargetCpu=CURRENT, Microarch=AMD_Unknown aidxTargetCpuEflFlavour={2,0}
00:00:02.346979 GIM: Using provider 'None' (Implementation version: 0)
00:00:02.346989 GCM: Initialized - Fixer bits: 0x8 (MesaVmsvgaDrv)
00:00:02.347030 AIOMgr: Default manager type is 'Async'
00:00:02.347033 AIOMgr: Default file backend is 'NonBuffered'
00:00:02.347093 BlkCache: Cache successfully initialized. Cache size is 5242880 bytes
00:00:02.347096 BlkCache: Cache commit interval is 10000 ms
00:00:02.347097 BlkCache: Cache commit threshold is 2621440 bytes
00:00:02.543385 EFI: boot args = 
00:00:02.543395 EFI: device props = 
00:00:02.543411 Found EFI FW Volume, 540672 bytes (132 4096-byte blocks)
00:00:02.545979 EFI: Registered 528KB flash at 00000000ffc00000
00:00:02.546630 PDM: VirtualBox APIC backend registered
00:00:02.546654 CPUM: SetGuestCpuIdFeature: Enabled xAPIC
00:00:02.547164 IOAPIC: Version=2.0 ChipType=ICH9
00:00:02.547198 PIT: mode=3 count=0x10000 (65536) - 18.20 Hz (ch=0)
00:00:02.547310 VMMDev: cbDefaultBudget: 1 034 326 528 (3da69200)
00:00:02.555308 Shared Folders service loaded
00:00:02.561152 Guest Control service loaded
00:00:02.740110 VGA: Using the 386+ BIOS image.
00:00:02.740996 DrvVD: Flushes will be ignored
00:00:02.741003 DrvVD: Async flushes will be passed to the disk
00:00:02.742126 VD: VDInit finished with VINF_SUCCESS
00:00:02.742494 AIOMgr: Endpoint for file 'C:\Users\firec\Desktop\Workspace\OxizeOS\VBox\OxizeOS\OxizeOS\OxizeOS.vhd' (flags 000c0723) created successfully
00:00:02.743296 VD: Opening the disk took 1436034 ns
00:00:02.743343 AHCI: LUN#0: disk, PCHS=8322/16/63, total number of sectors 8388608
00:00:02.743454 AHCI#0: Reset the HBA
00:00:02.743457 VD#0: Cancelling all active requests
00:00:02.751623 DrvVD: Flushes will be ignored
00:00:02.751649 DrvVD: Async flushes will be passed to the disk
00:00:02.752974 AIOMgr: Endpoint for file 'C:\Users\firec\Desktop\Workspace\OxizeOS\VBox\OxizeOS\OxizeOS\OxizeOS_1.vhd' (flags 000c0723) created successfully
00:00:02.753539 VD: Opening the disk took 954446 ns
00:00:02.753642 NVMe#0Ns0: disk, total number of blocks 8388608
00:00:02.762560 AC97: Using codec 'STAC9700'
00:00:02.773479 WasAPI: Input device is: {Default} (iface 0000029a0c40f2e0)
00:00:02.774176 WasAPI: Output device is: {Default} (iface 0000029a0c40ea70)
00:00:02.776203 Audio: Found 4 devices for driver 'WasAPI'
00:00:02.776214 Audio: Device 'Speakers (Realtek(R) Audio)':
00:00:02.776215 Audio:   ID              = {0.0.0.00000000}.{30823f88-d56a-471a-933b-171b1d9597a0}
00:00:02.776215 Audio:   Usage           = output
00:00:02.776215 Audio:   Flags           = DEFAULT_OUT
00:00:02.776215 Audio:   Input channels  = 0
00:00:02.776216 Audio:   Output channels = 2
00:00:02.776218 Audio: Device 'Speakers (Realtek(R) Audio)':
00:00:02.776219 Audio:   ID              = {0.0.0.00000000}.{30823f88-d56a-471a-933b-171b1d9597a0}
00:00:02.776219 Audio:   Usage           = output
00:00:02.776219 Audio:   Flags           = NONE
00:00:02.776219 Audio:   Input channels  = 0
00:00:02.776219 Audio:   Output channels = 2
00:00:02.776221 Audio: Device 'Microphone Array (Realtek(R) Audio)':
00:00:02.776221 Audio:   ID              = {0.0.1.00000000}.{9c2267bb-2ba3-4656-8d15-27fc7341b745}
00:00:02.776221 Audio:   Usage           = input
00:00:02.776221 Audio:   Flags           = DEFAULT_IN
00:00:02.776222 Audio:   Input channels  = 2
00:00:02.776222 Audio:   Output channels = 0
00:00:02.776223 Audio: Device 'Microphone Array (Realtek(R) Audio)':
00:00:02.776224 Audio:   ID              = {0.0.1.00000000}.{9c2267bb-2ba3-4656-8d15-27fc7341b745}
00:00:02.776224 Audio:   Usage           = input
00:00:02.776224 Audio:   Flags           = NONE
00:00:02.776224 Audio:   Input channels  = 2
00:00:02.776224 Audio:   Output channels = 0
00:00:02.776350 AC97: Reset
00:00:02.776354 AC97: Mixer reset (EAID=0x809, EACS=0x9)
00:00:02.776357 AC97: Record select to left=mic, right=mic
00:00:02.776360 Audio Mixer: MUTING master volume of 'AC'97 Mixer' -- channel volumes: ff ff ff ff ff ff ff ff ff ff ff ff
00:00:02.776365 Audio Mixer: MUTING sink 'AC'97 Mixer/Line In' -- channel volumes: 00 00 00 00 00 00 00 00 00 00 00 00
00:00:02.776368 Audio Mixer: MUTING sink 'AC'97 Mixer/Microphone In' -- channel volumes: 00 00 00 00 00 00 00 00 00 00 00 00
00:00:02.776370 Audio Mixer: MUTING sink 'AC'97 Mixer/PCM Output' -- channel volumes: 00 00 00 00 00 00 00 00 00 00 00 00
00:00:02.776374 Audio Mixer: MUTING sink 'AC'97 Mixer/PCM Output' -- channel volumes: 00 00 00 00 00 00 00 00 00 00 00 00
00:00:02.776376 Audio Mixer: MUTING sink 'AC'97 Mixer/Line In' -- channel volumes: 00 00 00 00 00 00 00 00 00 00 00 00
00:00:02.776378 Audio Mixer: MUTING sink 'AC'97 Mixer/Line In' -- channel volumes: 00 00 00 00 00 00 00 00 00 00 00 00
00:00:02.776380 Audio Mixer: MUTING sink 'AC'97 Mixer/Microphone In' -- channel volumes: 00 00 00 00 00 00 00 00 00 00 00 00
00:00:02.776790 Serial#0: emulating 16550A (IOAddress: 00e9 IRQ: 4)
00:00:02.776797 AssertLogRel D:\tinderbox\win-rel\src\VBox\VMM\VMMR3\IOMR3IoPort.cpp(529) int __cdecl IOMR3IoPortMap(struct VM *,struct PDMDEVINSR3 *,unsigned __int64,unsigned short): <NULL>
00:00:02.776800 e9..f0 (SERIAL) conflicts with existing mapping f0..ff (Math Co-Processor (DOS/OS2 mode))
00:00:02.776802 PDM: Failed to construct 'serial'/0! VERR_IOM_IOPORT_RANGE_CONFLICT (-2602) - The specified I/O port range intruded on an existing range. There is a I/O port conflict between two device, or a device tried to register the same range twice.
00:00:02.776831 VMSetError: D:\tinderbox\win-rel\src\VBox\VMM\VMMR3\PDMDevice.cpp(567) int __cdecl pdmR3DevInit(struct VM *); rc=VERR_IOM_IOPORT_RANGE_CONFLICT
00:00:02.776832 VMSetError: Failed to construct device 'serial' instance #0
00:00:02.783743 AIOMgr: Async flushes not supported
00:00:02.792901 AIOMgr: Async flushes not supported
00:00:02.801395 vmmR3LogFlusher: Terminating (VERR_OBJECT_DESTROYED)
00:00:02.801735 NEM: Destroying partition 0000029a09a51690 with its 1 VCpus...
00:00:02.831851 ERROR [COM]: aRC=E_FAIL (0x80004005) aIID={6ac83d89-6ee7-4e33-8ae6-b257b2e81be8} aComponent={ConsoleWrap} aText={Failed to construct device 'serial' instance #0 (VERR_IOM_IOPORT_RANGE_CONFLICT)}, preserve=false aResultDetail=-2602
00:00:02.832099 Console: Machine state changed to 'PoweredOff'
00:00:02.834678 Power up failed (vrc=VERR_IOM_IOPORT_RANGE_CONFLICT, hrc=E_FAIL (0X80004005))
00:00:02.851789 GUI: Cannot notify guest about VM window in-focus event
00:00:02.852353 GUI: Aborting startup due to power up progress issue detected...
00:00:02.876407 GUI: UICommon: Handling aboutToQuit request..
00:00:03.534387 GUI: UICommon: aboutToQuit request handled!
