00:00:00.140879 VirtualBox GUI (separate) 7.2.2 r170484 win.amd64 (Sep 10 2025 19:56:01) release log
00:00:00.140881 Log opened 2025-10-06T16:01:28.726717700Z
00:00:00.140881 Build Type: release
00:00:00.140882 OS Product: Windows 11
00:00:00.140932 OS Release: 10.0.26100.4946
00:00:00.140934 OS Service Pack: 
00:00:00.151270 DMI Product Name: ASUS Vivobook S 14 M5406WA_M5406WA
00:00:00.155926 DMI Product Version: 1.0
00:00:00.155934 Firmware type: UEFI
00:00:00.156522 Secure Boot: Disabled
00:00:00.156527 Host RAM: 23673MB (23.1GB) total, 13754MB (13.4GB) available
00:00:00.156530 Executable: C:\Program Files\Oracle\VirtualBox\VirtualBoxVM.exe
00:00:00.156530 Process ID: 6468
00:00:00.156530 Package type: WINDOWS_64BITS_GENERIC
00:00:00.156531 Windows Features:
00:00:00.156531   Core Isolation (Memory Integrity): ENABLED
00:00:00.157059 GUI: UIMediumEnumerator: Initial medium-enumeration finished!
00:00:03.870439 GUI: UIMediumEnumerator: Medium-enumeration started...
00:00:03.870472 GUI: UIMediumEnumerator: Medium-enumeration finished!
00:00:04.243045 GUI: UIFrameBufferPrivate::performResize: Size=640x480, Using fallback buffer since no source bitmap is provided
00:00:04.245663 DnD: User Interface Privilege Isolation (UIPI) is running with SECURITY_MANDATORY_HIGH_RID
00:00:04.245678 DnD: Warning: The VM process' integrity level is higher than most regular processes on the system. This means that drag'n drop most likely will not work with other applications!
00:00:04.245907 GUI: UIMachineViewNormal::resendSizeHint: Restoring guest size-hint for screen 0 to 800x600
00:00:04.352819 GUI: UIFrameBufferPrivate::performResize: Size=640x480, Using fallback buffer since no source bitmap is provided
00:00:04.353571 GUI: UIFrameBufferPrivate::performResize: Size=640x480, Using fallback buffer since no source bitmap is provided
00:00:04.354152 GUI: UISession::sltAdditionsChange: GA state doesn't really changed, still notifying listeners.
00:00:04.354166 GUI: UIMachineLogicNormal::sltCheckForRequestedVisualStateType: Requested-state=1, Machine-state=6
00:00:04.363319 GUI: UIMachineLogicNormal::sltCheckForRequestedVisualStateType: Requested-state=1, Machine-state=6
00:00:06.296993 GUI: UIFrameBufferPrivate::performResize: Size=720x400, Using fallback buffer since no source bitmap is provided
00:00:26.360863 GUI: Request for close-action to power VM off.
00:00:26.360995 GUI: Powering VM off..
00:00:26.473645 GUI: Request for async QApp quit.
00:00:26.476028 GUI: Cannot notify guest about VM window out-of-focus event
00:00:26.493061 GUI: UICommon: Handling aboutToQuit request..
00:00:27.365374 ERROR [COM]: aRC=E_UNEXPECTED (0x8000ffff) aIID={c0447716-ff5a-4795-b57a-ecd5fffa18a4} aComponent={SessionWrap} aText={The session is not locked (session state: Unlocked)}, preserve=false aResultDetail=0
00:00:27.368005 ERROR [COM]: aRC=E_UNEXPECTED (0x8000ffff) aIID={c0447716-ff5a-4795-b57a-ecd5fffa18a4} aComponent={SessionWrap} aText={The session is not locked (session state: Unlocked)}, preserve=false aResultDetail=0
00:00:27.393679 GUI: UICommon: aboutToQuit request handled!
